<?xml version="1.0" encoding="UTF-8"?>
<testng-results ignored="0" total="1" passed="1" failed="0" skipped="0">
  <reporter-output>
  </reporter-output>
  <suite started-at="2020-07-01T22:44:00Z" name="com.dice.FirstTest" finished-at="2020-07-01T22:44:11Z" duration-ms="11113">
    <groups>
    </groups>
    <test started-at="2020-07-01T22:44:00Z" name="Command line test" finished-at="2020-07-01T22:44:11Z" duration-ms="11113">
      <class name="com.dice.FirstTest">
        <test-method signature="firstTestMethod()[pri:0, instance:com.dice.FirstTest@2f112965]" started-at="2020-07-02T00:44:00Z" name="firstTestMethod" finished-at="2020-07-02T00:44:11Z" duration-ms="11100" status="PASS">
          <reporter-output>
          </reporter-output>
        </test-method> <!-- firstTestMethod -->
      </class> <!-- com.dice.FirstTest -->
    </test> <!-- Command line test -->
  </suite> <!-- com.dice.FirstTest -->
</testng-results>
